Determining if the pthread_create exist failed with the following output:
Change Dir: /mnt/c/Users/kokar/Downloads/SFND_Lidar_Obstacle_Detection-master/SFND_Lidar_Obstacle_Detection-master/src/quiz/ransac/build/CMakeFiles/CMakeTmp

Run Build Command:"/usr/bin/make" "cmTC_fb90e/fast"
/usr/bin/make -f CMakeFiles/cmTC_fb90e.dir/build.make CMakeFiles/cmTC_fb90e.dir/build
make[1]: Entering directory '/mnt/c/Users/kokar/Downloads/SFND_Lidar_Obstacle_Detection-master/SFND_Lidar_Obstacle_Detection-master/src/quiz/ransac/build/CMakeFiles/CMakeTmp'
Building C object CMakeFiles/cmTC_fb90e.dir/CheckSymbolExists.c.o
/usr/bin/cc    -o CMakeFiles/cmTC_fb90e.dir/CheckSymbolExists.c.o   -c /mnt/c/Users/kokar/Downloads/SFND_Lidar_Obstacle_Detection-master/SFND_Lidar_Obstacle_Detection-master/src/quiz/ransac/build/CMakeFiles/CMakeTmp/CheckSymbolExists.c
Linking C executable cmTC_fb90e
/usr/bin/cmake -E cmake_link_script CMakeFiles/cmTC_fb90e.dir/link.txt --verbose=1
/usr/bin/cc      -rdynamic CMakeFiles/cmTC_fb90e.dir/CheckSymbolExists.c.o  -o cmTC_fb90e 
CMakeFiles/cmTC_fb90e.dir/CheckSymbolExists.c.o: In function `main':
CheckSymbolExists.c:(.text+0x1b): undefined reference to `pthread_create'
collect2: error: ld returned 1 exit status
CMakeFiles/cmTC_fb90e.dir/build.make:97: recipe for target 'cmTC_fb90e' failed
make[1]: *** [cmTC_fb90e] Error 1
make[1]: Leaving directory '/mnt/c/Users/kokar/Downloads/SFND_Lidar_Obstacle_Detection-master/SFND_Lidar_Obstacle_Detection-master/src/quiz/ransac/build/CMakeFiles/CMakeTmp'
Makefile:126: recipe for target 'cmTC_fb90e/fast' failed
make: *** [cmTC_fb90e/fast] Error 2

File /mnt/c/Users/kokar/Downloads/SFND_Lidar_Obstacle_Detection-master/SFND_Lidar_Obstacle_Detection-master/src/quiz/ransac/build/CMakeFiles/CMakeTmp/CheckSymbolExists.c:
/* */
#include <pthread.h>

int main(int argc, char** argv)
{
  (void)argv;
#ifndef pthread_create
  return ((int*)(&pthread_create))[argc];
#else
  (void)argc;
  return 0;
#endif
}

Determining if the function pthread_create exists in the pthreads failed with the following output:
Change Dir: /mnt/c/Users/kokar/Downloads/SFND_Lidar_Obstacle_Detection-master/SFND_Lidar_Obstacle_Detection-master/src/quiz/ransac/build/CMakeFiles/CMakeTmp

Run Build Command:"/usr/bin/make" "cmTC_aca6d/fast"
/usr/bin/make -f CMakeFiles/cmTC_aca6d.dir/build.make CMakeFiles/cmTC_aca6d.dir/build
make[1]: Entering directory '/mnt/c/Users/kokar/Downloads/SFND_Lidar_Obstacle_Detection-master/SFND_Lidar_Obstacle_Detection-master/src/quiz/ransac/build/CMakeFiles/CMakeTmp'
Building C object CMakeFiles/cmTC_aca6d.dir/CheckFunctionExists.c.o
/usr/bin/cc   -DCHECK_FUNCTION_EXISTS=pthread_create   -o CMakeFiles/cmTC_aca6d.dir/CheckFunctionExists.c.o   -c /usr/share/cmake-3.10/Modules/CheckFunctionExists.c
Linking C executable cmTC_aca6d
/usr/bin/cmake -E cmake_link_script CMakeFiles/cmTC_aca6d.dir/link.txt --verbose=1
/usr/bin/cc  -DCHECK_FUNCTION_EXISTS=pthread_create    -rdynamic CMakeFiles/cmTC_aca6d.dir/CheckFunctionExists.c.o  -o cmTC_aca6d -lpthreads 
/usr/bin/ld: cannot find -lpthreads
collect2: error: ld returned 1 exit status
CMakeFiles/cmTC_aca6d.dir/build.make:97: recipe for target 'cmTC_aca6d' failed
make[1]: *** [cmTC_aca6d] Error 1
make[1]: Leaving directory '/mnt/c/Users/kokar/Downloads/SFND_Lidar_Obstacle_Detection-master/SFND_Lidar_Obstacle_Detection-master/src/quiz/ransac/build/CMakeFiles/CMakeTmp'
Makefile:126: recipe for target 'cmTC_aca6d/fast' failed
make: *** [cmTC_aca6d/fast] Error 2


